0 verbose cli C:\Program Files\nodejs\node.exe C:\Users\Admin\AppData\Roaming\npm\node_modules\npm\bin\npm-cli.js
1 info using npm@9.6.2
2 info using node@v20.15.0
3 timing npm:load:whichnode Completed in 2ms
4 timing config:load:defaults Completed in 1ms
5 timing config:load:file:C:\Users\Admin\AppData\Roaming\npm\node_modules\npm\npmrc Completed in 2ms
6 timing config:load:builtin Completed in 2ms
7 timing config:load:cli Completed in 1ms
8 timing config:load:env Completed in 0ms
9 timing config:load:file:D:\DoAnTotNghiep\.npmrc Completed in 1ms
10 timing config:load:project Completed in 1ms
11 timing config:load:file:C:\Users\Admin\.npmrc Completed in 0ms
12 timing config:load:user Completed in 0ms
13 timing config:load:file:C:\Users\Admin\AppData\Roaming\npm\etc\npmrc Completed in 0ms
14 timing config:load:global Completed in 0ms
15 timing config:load:setEnvs Completed in 1ms
16 timing config:load Completed in 7ms
17 timing npm:load:configload Completed in 7ms
18 timing npm:load:mkdirpcache Completed in 0ms
19 timing npm:load:mkdirplogs Completed in 1ms
20 verbose title npm run go
21 verbose argv "run" "go" "-cache" "--lan"
22 timing npm:load:setTitle Completed in 0ms
23 timing config:load:flatten Completed in 2ms
24 timing npm:load:display Completed in 3ms
25 verbose logfile logs-max:10 dir:D:\DoAnTotNghiep\--lan\_logs\2025-05-02T18_56_33_892Z-
26 verbose logfile D:\DoAnTotNghiep\--lan\_logs\2025-05-02T18_56_33_892Z-debug-0.log
27 timing npm:load:logFile Completed in 7ms
28 timing npm:load:timers Completed in 0ms
29 timing npm:load:configScope Completed in 0ms
30 timing npm:load Completed in 20ms
31 silly logfile done cleaning log files
32 http fetch GET 200 https://registry.npmjs.org/npm 358ms (cache miss)
